This file contains any messages produced by compilers while
running configure, to aid debugging if configure makes a mistake.

It was created by seqkit configure 1.0, which was
generated by GNU Autoconf 2.69.  Invocation command line was

  $ ./configure 

## --------- ##
## Platform. ##
## --------- ##

hostname = 172-16-200-197.DYNAPOOL.NYU.EDU
uname -m = x86_64
uname -r = 17.4.0
uname -s = Darwin
uname -v = Darwin Kernel Version 17.4.0: Sun Dec 17 09:19:54 PST 2017; root:xnu-4570.41.2~1/RELEASE_X86_64

/usr/bin/uname -p = i386
/bin/uname -X     = unknown

/bin/arch              = unknown
/usr/bin/arch -k       = unknown
/usr/convex/getsysinfo = unknown
/usr/bin/hostinfo      = Mach kernel version:
	 Darwin Kernel Version 17.4.0: Sun Dec 17 09:19:54 PST 2017; root:xnu-4570.41.2~1/RELEASE_X86_64
Kernel configured for up to 4 processors.
2 processors are physically available.
4 processors are logically available.
Processor type: x86_64h (Intel x86-64h Haswell)
Processors active: 0 1 2 3
Primary memory available: 16.00 gigabytes
Default processor set: 522 tasks, 3339 threads, 4 processors
Load average: 2.32, Mach factor: 1.67
/bin/machine           = unknown
/usr/bin/oslevel       = unknown
/bin/universe          = unknown

PATH: /Users/khagaynagdimov/Software/apache-maven-3.5.2/bin
PATH: /Library/Frameworks/Python.framework/Versions/2.7/bin
PATH: /Users/khagaynagdimov/anaconda/bin
PATH: /Library/Frameworks/Python.framework/Versions/3.6/bin
PATH: /usr/local/bin
PATH: /usr/bin
PATH: /bin
PATH: /usr/sbin
PATH: /sbin
PATH: /usr/local/go/bin
PATH: /usr/local/spark/bin


## ----------- ##
## Core tests. ##
## ----------- ##

configure:2194: checking for a BSD-compatible install
configure:2262: result: /usr/bin/install -c
configure:2273: checking whether build environment is sane
configure:2328: result: yes
configure:2366: WARNING: 'missing' script is too old or missing
configure:2479: checking for a thread-safe mkdir -p
configure:2518: result: ./install-sh -c -d
configure:2525: checking for gawk
configure:2555: result: no
configure:2525: checking for mawk
configure:2555: result: no
configure:2525: checking for nawk
configure:2555: result: no
configure:2525: checking for awk
configure:2541: found /usr/bin/awk
configure:2552: result: awk
configure:2563: checking whether make sets $(MAKE)
configure:2585: result: yes
configure:2614: checking whether make supports nested variables
configure:2631: result: yes
configure:2761: checking whether to enable maintainer-specific portions of Makefiles
configure:2770: result: no
configure:2844: checking for g++
configure:2860: found /usr/bin/g++
configure:2871: result: g++
configure:2898: checking for C++ compiler version
configure:2907: g++ --version >&5
Apple LLVM version 9.0.0 (clang-900.0.39.2)
Target: x86_64-apple-darwin17.4.0
Thread model: posix
InstalledDir: /Library/Developer/CommandLineTools/usr/bin
Configured with: --prefix=/Library/Developer/CommandLineTools/usr --with-gxx-include-dir=/usr/include/c++/4.2.1
configure:2918: $? = 0
configure:2907: g++ -v >&5
Configured with: --prefix=/Library/Developer/CommandLineTools/usr --with-gxx-include-dir=/usr/include/c++/4.2.1
Apple LLVM version 9.0.0 (clang-900.0.39.2)
Target: x86_64-apple-darwin17.4.0
Thread model: posix
InstalledDir: /Library/Developer/CommandLineTools/usr/bin
configure:2918: $? = 0
configure:2907: g++ -V >&5
clang: error: argument to '-V' is missing (expected 1 value)
clang: error: no input files
configure:2918: $? = 1
configure:2907: g++ -qversion >&5
clang: error: unknown argument: '-qversion'
clang: error: no input files
configure:2918: $? = 1
configure:2938: checking whether the C++ compiler works
configure:2960: g++   -fPIC  conftest.cpp  >&5
configure:2964: $? = 0
configure:3012: result: yes
configure:3015: checking for C++ compiler default output file name
configure:3017: result: a.out
configure:3023: checking for suffix of executables
configure:3030: g++ -o conftest   -fPIC  conftest.cpp  >&5
configure:3034: $? = 0
configure:3056: result: 
configure:3078: checking whether we are cross compiling
configure:3086: g++ -o conftest   -fPIC  conftest.cpp  >&5
configure:3090: $? = 0
configure:3097: ./conftest
configure:3101: $? = 0
configure:3116: result: no
configure:3121: checking for suffix of object files
configure:3143: g++ -c   -fPIC conftest.cpp >&5
configure:3147: $? = 0
configure:3168: result: o
configure:3172: checking whether we are using the GNU C++ compiler
configure:3191: g++ -c   -fPIC conftest.cpp >&5
configure:3191: $? = 0
configure:3200: result: yes
configure:3209: checking whether g++ accepts -g
configure:3229: g++ -c -g  -fPIC conftest.cpp >&5
configure:3229: $? = 0
configure:3270: result: yes
configure:3304: checking for style of include used by make
configure:3332: result: GNU
configure:3358: checking dependency style of g++
configure:3469: result: gcc3
configure:3532: checking for gcc
configure:3548: found /usr/bin/gcc
configure:3559: result: gcc
configure:3788: checking for C compiler version
configure:3797: gcc --version >&5
Apple LLVM version 9.0.0 (clang-900.0.39.2)
Target: x86_64-apple-darwin17.4.0
Thread model: posix
InstalledDir: /Library/Developer/CommandLineTools/usr/bin
Configured with: --prefix=/Library/Developer/CommandLineTools/usr --with-gxx-include-dir=/usr/include/c++/4.2.1
configure:3808: $? = 0
configure:3797: gcc -v >&5
Configured with: --prefix=/Library/Developer/CommandLineTools/usr --with-gxx-include-dir=/usr/include/c++/4.2.1
Apple LLVM version 9.0.0 (clang-900.0.39.2)
Target: x86_64-apple-darwin17.4.0
Thread model: posix
InstalledDir: /Library/Developer/CommandLineTools/usr/bin
configure:3808: $? = 0
configure:3797: gcc -V >&5
clang: error: argument to '-V' is missing (expected 1 value)
clang: error: no input files
configure:3808: $? = 1
configure:3797: gcc -qversion >&5
clang: error: unknown argument: '-qversion'
clang: error: no input files
configure:3808: $? = 1
configure:3812: checking whether we are using the GNU C compiler
configure:3831: gcc -c  -fPIC  -fPIC conftest.c >&5
configure:3831: $? = 0
configure:3840: result: yes
configure:3849: checking whether gcc accepts -g
configure:3869: gcc -c -g  -fPIC conftest.c >&5
configure:3869: $? = 0
configure:3910: result: yes
configure:3927: checking for gcc option to accept ISO C89
configure:3990: gcc  -c  -fPIC  -fPIC conftest.c >&5
configure:3990: $? = 0
configure:4003: result: none needed
configure:4028: checking whether gcc understands -c and -o together
configure:4050: gcc -c conftest.c -o conftest2.o
configure:4053: $? = 0
configure:4050: gcc -c conftest.c -o conftest2.o
configure:4053: $? = 0
configure:4065: result: yes
configure:4084: checking dependency style of gcc
configure:4195: result: gcc3
configure:4253: checking for ranlib
configure:4269: found /usr/bin/ranlib
configure:4280: result: ranlib
configure:4316: checking how to run the C++ preprocessor
configure:4343: g++ -E  -fPIC conftest.cpp
configure:4343: $? = 0
configure:4357: g++ -E  -fPIC conftest.cpp
conftest.cpp:11:10: fatal error: 'ac_nonexistent.h' file not found
#include <ac_nonexistent.h>
         ^~~~~~~~~~~~~~~~~~
1 error generated.
configure:4357: $? = 1
configure: failed program was:
| /* confdefs.h */
| #define PACKAGE_NAME "seqkit"
| #define PACKAGE_TARNAME "seqkit"
| #define PACKAGE_VERSION "1.0"
| #define PACKAGE_STRING "seqkit 1.0"
| #define PACKAGE_BUGREPORT "jwala@broadinstitute.org"
| #define PACKAGE_URL ""
| #define PACKAGE "seqkit"
| #define VERSION "1.0"
| /* end confdefs.h.  */
| #include <ac_nonexistent.h>
configure:4382: result: g++ -E
configure:4402: g++ -E  -fPIC conftest.cpp
configure:4402: $? = 0
configure:4416: g++ -E  -fPIC conftest.cpp
conftest.cpp:11:10: fatal error: 'ac_nonexistent.h' file not found
#include <ac_nonexistent.h>
         ^~~~~~~~~~~~~~~~~~
1 error generated.
configure:4416: $? = 1
configure: failed program was:
| /* confdefs.h */
| #define PACKAGE_NAME "seqkit"
| #define PACKAGE_TARNAME "seqkit"
| #define PACKAGE_VERSION "1.0"
| #define PACKAGE_STRING "seqkit 1.0"
| #define PACKAGE_BUGREPORT "jwala@broadinstitute.org"
| #define PACKAGE_URL ""
| #define PACKAGE "seqkit"
| #define VERSION "1.0"
| /* end confdefs.h.  */
| #include <ac_nonexistent.h>
configure:4445: checking for grep that handles long lines and -e
configure:4503: result: /usr/bin/grep
configure:4508: checking for egrep
configure:4570: result: /usr/bin/grep -E
configure:4575: checking for ANSI C header files
configure:4595: g++ -c -g -O2  -fPIC conftest.cpp >&5
configure:4595: $? = 0
configure:4668: g++ -o conftest -g -O2  -fPIC  conftest.cpp  >&5
configure:4668: $? = 0
configure:4668: ./conftest
configure:4668: $? = 0
configure:4679: result: yes
configure:4692: checking for sys/types.h
configure:4692: g++ -c -g -O2  -fPIC conftest.cpp >&5
configure:4692: $? = 0
configure:4692: result: yes
configure:4692: checking for sys/stat.h
configure:4692: g++ -c -g -O2  -fPIC conftest.cpp >&5
configure:4692: $? = 0
configure:4692: result: yes
configure:4692: checking for stdlib.h
configure:4692: g++ -c -g -O2  -fPIC conftest.cpp >&5
configure:4692: $? = 0
configure:4692: result: yes
configure:4692: checking for string.h
configure:4692: g++ -c -g -O2  -fPIC conftest.cpp >&5
configure:4692: $? = 0
configure:4692: result: yes
configure:4692: checking for memory.h
configure:4692: g++ -c -g -O2  -fPIC conftest.cpp >&5
configure:4692: $? = 0
configure:4692: result: yes
configure:4692: checking for strings.h
configure:4692: g++ -c -g -O2  -fPIC conftest.cpp >&5
configure:4692: $? = 0
configure:4692: result: yes
configure:4692: checking for inttypes.h
configure:4692: g++ -c -g -O2  -fPIC conftest.cpp >&5
configure:4692: $? = 0
configure:4692: result: yes
configure:4692: checking for stdint.h
configure:4692: g++ -c -g -O2  -fPIC conftest.cpp >&5
configure:4692: $? = 0
configure:4692: result: yes
configure:4692: checking for unistd.h
configure:4692: g++ -c -g -O2  -fPIC conftest.cpp >&5
configure:4692: $? = 0
configure:4692: result: yes
configure:4704: checking zlib.h usability
configure:4704: g++ -c -g -O2  -fPIC conftest.cpp >&5
configure:4704: $? = 0
configure:4704: result: yes
configure:4704: checking zlib.h presence
configure:4704: g++ -E  -fPIC conftest.cpp
configure:4704: $? = 0
configure:4704: result: yes
configure:4704: checking for zlib.h
configure:4704: result: yes
configure:4712: checking for library containing gzopen
configure:4743: g++ -o conftest -g -O2  -fPIC  conftest.cpp  >&5
Undefined symbols for architecture x86_64:
  "_gzopen", referenced from:
      _main in conftest-732327.o
ld: symbol(s) not found for architecture x86_64
clang: error: linker command failed with exit code 1 (use -v to see invocation)
configure:4743: $? = 1
configure: failed program was:
| /* confdefs.h */
| #define PACKAGE_NAME "seqkit"
| #define PACKAGE_TARNAME "seqkit"
| #define PACKAGE_VERSION "1.0"
| #define PACKAGE_STRING "seqkit 1.0"
| #define PACKAGE_BUGREPORT "jwala@broadinstitute.org"
| #define PACKAGE_URL ""
| #define PACKAGE "seqkit"
| #define VERSION "1.0"
| #define STDC_HEADERS 1
| #define HAVE_SYS_TYPES_H 1
| #define HAVE_SYS_STAT_H 1
| #define HAVE_STDLIB_H 1
| #define HAVE_STRING_H 1
| #define HAVE_MEMORY_H 1
| #define HAVE_STRINGS_H 1
| #define HAVE_INTTYPES_H 1
| #define HAVE_STDINT_H 1
| #define HAVE_UNISTD_H 1
| /* end confdefs.h.  */
| 
| /* Override any GCC internal prototype to avoid an error.
|    Use char because int might match the return type of a GCC
|    builtin and then its argument prototype would still apply.  */
| #ifdef __cplusplus
| extern "C"
| #endif
| char gzopen ();
| int
| main ()
| {
| return gzopen ();
|   ;
|   return 0;
| }
configure:4743: g++ -o conftest -g -O2  -fPIC  conftest.cpp -lz   >&5
configure:4743: $? = 0
configure:4760: result: -lz
configure:4770: checking for library containing clock_gettime
configure:4801: g++ -o conftest -g -O2  -fPIC  conftest.cpp -lz  >&5
configure:4801: $? = 0
configure:4818: result: none required
configure:4968: checking that generated files are newer than configure
configure:4974: result: done
configure:5005: creating ./config.status

## ---------------------- ##
## Running config.status. ##
## ---------------------- ##

This file was extended by seqkit config.status 1.0, which was
generated by GNU Autoconf 2.69.  Invocation command line was

  CONFIG_FILES    = 
  CONFIG_HEADERS  = 
  CONFIG_LINKS    = 
  CONFIG_COMMANDS = 
  $ ./config.status 

on 172-16-200-197.DYNAPOOL.NYU.EDU

config.status:867: creating Makefile
config.status:867: creating src/Makefile
config.status:867: creating src/seqtools/Makefile
config.status:867: creating config.h
config.status:1096: executing depfiles commands

## ---------------- ##
## Cache variables. ##
## ---------------- ##

ac_cv_c_compiler_gnu=yes
ac_cv_cxx_compiler_gnu=yes
ac_cv_env_CCC_set=
ac_cv_env_CCC_value=
ac_cv_env_CC_set=
ac_cv_env_CC_value=
ac_cv_env_CFLAGS_set=set
ac_cv_env_CFLAGS_value=' -fPIC'
ac_cv_env_CPPFLAGS_set=set
ac_cv_env_CPPFLAGS_value=' -fPIC'
ac_cv_env_CXXCPP_set=
ac_cv_env_CXXCPP_value=
ac_cv_env_CXXFLAGS_set=
ac_cv_env_CXXFLAGS_value=
ac_cv_env_CXX_set=
ac_cv_env_CXX_value=
ac_cv_env_LDFLAGS_set=
ac_cv_env_LDFLAGS_value=
ac_cv_env_LIBS_set=
ac_cv_env_LIBS_value=
ac_cv_env_build_alias_set=
ac_cv_env_build_alias_value=
ac_cv_env_host_alias_set=
ac_cv_env_host_alias_value=
ac_cv_env_target_alias_set=
ac_cv_env_target_alias_value=
ac_cv_header_inttypes_h=yes
ac_cv_header_memory_h=yes
ac_cv_header_stdc=yes
ac_cv_header_stdint_h=yes
ac_cv_header_stdlib_h=yes
ac_cv_header_string_h=yes
ac_cv_header_strings_h=yes
ac_cv_header_sys_stat_h=yes
ac_cv_header_sys_types_h=yes
ac_cv_header_unistd_h=yes
ac_cv_header_zlib_h=yes
ac_cv_objext=o
ac_cv_path_EGREP='/usr/bin/grep -E'
ac_cv_path_GREP=/usr/bin/grep
ac_cv_path_install='/usr/bin/install -c'
ac_cv_prog_AWK=awk
ac_cv_prog_CXXCPP='g++ -E'
ac_cv_prog_ac_ct_CC=gcc
ac_cv_prog_ac_ct_CXX=g++
ac_cv_prog_ac_ct_RANLIB=ranlib
ac_cv_prog_cc_c89=
ac_cv_prog_cc_g=yes
ac_cv_prog_cxx_g=yes
ac_cv_prog_make_make_set=yes
ac_cv_search_clock_gettime='none required'
ac_cv_search_gzopen=-lz
am_cv_CC_dependencies_compiler_type=gcc3
am_cv_CXX_dependencies_compiler_type=gcc3
am_cv_make_support_nested_variables=yes
am_cv_prog_cc_c_o=yes

## ----------------- ##
## Output variables. ##
## ----------------- ##

ACLOCAL='aclocal-1.15'
AMDEPBACKSLASH='\'
AMDEP_FALSE='#'
AMDEP_TRUE=''
AMTAR='$${TAR-tar}'
AM_BACKSLASH='\'
AM_CXXFLAGS='-g  -Wno-unknown-pragmas'
AM_DEFAULT_V='$(AM_DEFAULT_VERBOSITY)'
AM_DEFAULT_VERBOSITY='1'
AM_V='$(V)'
AUTOCONF='autoconf'
AUTOHEADER='autoheader'
AUTOMAKE='automake-1.15'
AWK='awk'
CC='gcc'
CCDEPMODE='depmode=gcc3'
CFLAGS=' -fPIC'
CPPFLAGS=' -fPIC'
CXX='g++'
CXXCPP='g++ -E'
CXXDEPMODE='depmode=gcc3'
CXXFLAGS='-g -O2'
CYGPATH_W='echo'
DEFS='-DHAVE_CONFIG_H'
DEPDIR='.deps'
ECHO_C='\c'
ECHO_N=''
ECHO_T=''
EGREP='/usr/bin/grep -E'
EXEEXT=''
GREP='/usr/bin/grep'
INSTALL_DATA='${INSTALL} -m 644'
INSTALL_PROGRAM='${INSTALL}'
INSTALL_SCRIPT='${INSTALL}'
INSTALL_STRIP_PROGRAM='$(install_sh) -c -s'
LDFLAGS=''
LIBOBJS=''
LIBS='-lz  -pthread'
LTLIBOBJS=''
MAINT='#'
MAINTAINER_MODE_FALSE=''
MAINTAINER_MODE_TRUE='#'
MAKEINFO='makeinfo'
MKDIR_P='./install-sh -c -d'
OBJEXT='o'
PACKAGE='seqkit'
PACKAGE_BUGREPORT='jwala@broadinstitute.org'
PACKAGE_NAME='seqkit'
PACKAGE_STRING='seqkit 1.0'
PACKAGE_TARNAME='seqkit'
PACKAGE_URL=''
PACKAGE_VERSION='1.0'
PATH_SEPARATOR=':'
RANLIB='ranlib'
SET_MAKE=''
SHELL='/bin/sh'
STRIP=''
VERSION='1.0'
ac_ct_CC='gcc'
ac_ct_CXX='g++'
am__EXEEXT_FALSE=''
am__EXEEXT_TRUE='#'
am__fastdepCC_FALSE='#'
am__fastdepCC_TRUE=''
am__fastdepCXX_FALSE='#'
am__fastdepCXX_TRUE=''
am__include='include'
am__isrc=''
am__leading_dot='.'
am__nodep='_no'
am__quote=''
am__tar='$${TAR-tar} chof - "$$tardir"'
am__untar='$${TAR-tar} xf -'
bindir='${exec_prefix}/bin'
build_alias=''
datadir='${datarootdir}'
datarootdir='${prefix}/share'
docdir='${datarootdir}/doc/${PACKAGE_TARNAME}'
dvidir='${docdir}'
exec_prefix='${prefix}'
host_alias=''
htmldir='${docdir}'
includedir='${prefix}/include'
infodir='${datarootdir}/info'
install_sh='${SHELL} /Users/khagaynagdimov/Software/mskilab/RSeqLib/SeqLib/install-sh'
libdir='${exec_prefix}/lib'
libexecdir='${exec_prefix}/libexec'
localedir='${datarootdir}/locale'
localstatedir='${prefix}/var'
mandir='${datarootdir}/man'
mkdir_p='$(MKDIR_P)'
oldincludedir='/usr/include'
pdfdir='${docdir}'
prefix='/usr/local'
program_transform_name='s,x,x,'
psdir='${docdir}'
runstatedir='${localstatedir}/run'
sbindir='${exec_prefix}/sbin'
sharedstatedir='${prefix}/com'
sysconfdir='${prefix}/etc'
target_alias=''

## ----------- ##
## confdefs.h. ##
## ----------- ##

/* confdefs.h */
#define PACKAGE_NAME "seqkit"
#define PACKAGE_TARNAME "seqkit"
#define PACKAGE_VERSION "1.0"
#define PACKAGE_STRING "seqkit 1.0"
#define PACKAGE_BUGREPORT "jwala@broadinstitute.org"
#define PACKAGE_URL ""
#define PACKAGE "seqkit"
#define VERSION "1.0"
#define STDC_HEADERS 1
#define HAVE_SYS_TYPES_H 1
#define HAVE_SYS_STAT_H 1
#define HAVE_STDLIB_H 1
#define HAVE_STRING_H 1
#define HAVE_MEMORY_H 1
#define HAVE_STRINGS_H 1
#define HAVE_INTTYPES_H 1
#define HAVE_STDINT_H 1
#define HAVE_UNISTD_H 1
#define HAVE_CLOCK_GETTIME 1

configure: exit 0
